<?xml version="1.0" encoding="UTF-8"?>
<!-- Generated by org.testng.reporters.JUnitXMLReporter -->
<testsuite ignored="2" hostname="DESKTOP-L6OGJNQ" failures="0" tests="6" name="TestRunner-edge" time="187.351" errors="0" timestamp="2025-02-28T15:59:56 IST">
  <testcase classname="practice.testng.CreateOrgnization" name="createContactTest" time="22.22"/>
  <testcase classname="practice.testng.CreateOrgnization" name="createOrgnwithindustry" time="13.727"/>
  <testcase classname="practice.testng.CreateOrgnization" name="createorgwithphonenum" time="15.479"/>
  <testcase classname="practice.testng.CreateContact" name="createcontwithname" time="20.444"/>
  <testcase classname="practice.testng.CreateContact" name="createcontwithorgname" time="40.955"/>
  <testcase classname="practice.testng.CreateContact" name="createcontwithsuppdate" time="17.335"/>
  <testcase classname="com.comcast.crm.basetest.BaseClass" name="@AfterSuite configAftersuit" time="0.0">
    <ignored/>
  </testcase> <!-- @AfterSuite configAftersuit -->
  <testcase classname="com.comcast.crm.basetest.BaseClass" name="@BeforeSuite configBeforeSuit" time="0.0">
    <ignored/>
  </testcase> <!-- @BeforeSuite configBeforeSuit -->
</testsuite> <!-- TestRunner-edge -->
