<?xml version="1.0" encoding="UTF-8"?>
<!-- Generated by org.testng.reporters.JUnitXMLReporter -->
<testsuite ignored="2" hostname="DESKTOP-L6OGJNQ" failures="0" tests="6" name="TestRunner-chrome" time="180.581" errors="0" timestamp="2025-02-28T15:59:50 IST">
  <testcase classname="practice.testng.CreateOrgnization" name="createContactTest" time="19.53"/>
  <testcase classname="practice.testng.CreateOrgnization" name="createOrgnwithindustry" time="13.692"/>
  <testcase classname="practice.testng.CreateOrgnization" name="createorgwithphonenum" time="14.721"/>
  <testcase classname="practice.testng.CreateContact" name="createcontwithname" time="22.569"/>
  <testcase classname="practice.testng.CreateContact" name="createcontwithorgname" time="43.52"/>
  <testcase classname="practice.testng.CreateContact" name="createcontwithsuppdate" time="18.058"/>
  <testcase classname="com.comcast.crm.basetest.BaseClass" name="@AfterSuite configAftersuit" time="0.0">
    <ignored/>
  </testcase> <!-- @AfterSuite configAftersuit -->
  <testcase classname="com.comcast.crm.basetest.BaseClass" name="@BeforeSuite configBeforeSuit" time="0.0">
    <ignored/>
  </testcase> <!-- @BeforeSuite configBeforeSuit -->
</testsuite> <!-- TestRunner-chrome -->
