<?xml version="1.0" encoding="UTF-8"?>
<!-- Generated by org.testng.reporters.JUnitXMLReporter -->
<testsuite ignored="2" hostname="DESKTOP-L6OGJNQ" failures="0" tests="6" name="Test" time="120.631" errors="0" timestamp="2025-03-03T18:11:09 IST">
  <testcase classname="practice.testng.CreateContact" name="createcontwithname" time="12.814"/>
  <testcase classname="practice.testng.CreateContact" name="createcontwithorgname" time="30.568"/>
  <testcase classname="practice.testng.CreateContact" name="createcontwithsuppdate" time="13.601"/>
  <testcase classname="practice.testng.CreateOrgnization" name="createContactTest" time="9.638"/>
  <testcase classname="practice.testng.CreateOrgnization" name="createOrgnwithindustry" time="10.526"/>
  <testcase classname="practice.testng.CreateOrgnization" name="createorgwithphonenum" time="9.927"/>
  <testcase classname="com.comcast.crm.basetest.BaseClass" name="@AfterSuite configAftersuit" time="0.0">
    <ignored/>
  </testcase> <!-- @AfterSuite configAftersuit -->
  <testcase classname="com.comcast.crm.basetest.BaseClass" name="@BeforeSuite configBeforeSuit" time="0.0">
    <ignored/>
  </testcase> <!-- @BeforeSuite configBeforeSuit -->
</testsuite> <!-- Test -->
