<?xml version="1.0" encoding="UTF-8"?>
<!-- Generated by org.testng.reporters.JUnitXMLReporter -->
<testsuite ignored="0" hostname="DESKTOP-L6OGJNQ" failures="1" tests="2" name="Test(failed)" time="16.995" errors="0" timestamp="2025-03-01T10:48:14 IST">
  <testcase classname="practice.testng.ListnerTestingTest" name="createinvoice" time="0.055">
    <failure type="java.lang.AssertionError" message="expected [hari] but found [Administrator - Home - vtiger CRM 5 - Commercial Open Source CRM]">
      <![CDATA[java.lang.AssertionError: expected [hari] but found [Administrator - Home - vtiger CRM 5 - Commercial Open Source CRM]
at practice.testng.ListnerTestingTest.createinvoice(ListnerTestingTest.java:14)
at java.base/java.util.ArrayList.forEach(ArrayList.java:1511)
... Removed 33 stack frames]]>
    </failure>
  </testcase> <!-- createinvoice -->
  <testcase classname="practice.testng.ListnerTestingTest" name="createinvoicewithcontact" time="0.006"/>
</testsuite> <!-- Test(failed) -->
