<?xml version="1.0" encoding="UTF-8"?>
<testng-results ignored="0" total="3" passed="0" failed="3" skipped="0">
  <reporter-output>
  </reporter-output>
  <suite started-at="2025-03-10T12:15:17 IST" name="Default suite" finished-at="2025-03-10T12:16:02 IST" duration-ms="45699">
    <groups>
      <group name="regressiontest">
        <method signature="CreateContact.createcontwithorgname()[pri:0, instance:practice.testng.CreateContact@3e27aa33]" name="createcontwithorgname" class="practice.testng.CreateContact"/>
        <method signature="CreateContact.createcontwithsuppdate()[pri:0, instance:practice.testng.CreateContact@3e27aa33]" name="createcontwithsuppdate" class="practice.testng.CreateContact"/>
      </group> <!-- regressiontest -->
      <group name="smoketest">
        <method signature="CreateContact.createcontwithname()[pri:0, instance:practice.testng.CreateContact@3e27aa33]" name="createcontwithname" class="practice.testng.CreateContact"/>
      </group> <!-- smoketest -->
    </groups>
    <test started-at="2025-03-10T12:15:17 IST" name="Default test" finished-at="2025-03-10T12:16:02 IST" duration-ms="45699">
      <class name="practice.testng.CreateContact">
        <test-method is-config="true" signature="configBeforeSuit()[pri:0, instance:practice.testng.CreateContact@3e27aa33]" started-at="2025-03-10T12:15:16 IST" name="configBeforeSuit" finished-at="2025-03-10T12:15:17 IST" duration-ms="763" status="PASS">
          <reporter-output>
          </reporter-output>
        </test-method> <!-- configBeforeSuit -->
        <test-method is-config="true" signature="configbeforeclass()[pri:0, instance:practice.testng.CreateContact@3e27aa33]" started-at="2025-03-10T12:15:17 IST" name="configbeforeclass" finished-at="2025-03-10T12:15:22 IST" duration-ms="5336" status="PASS">
          <reporter-output>
          </reporter-output>
        </test-method> <!-- configbeforeclass -->
        <test-method is-config="true" signature="configbeforemethod()[pri:0, instance:practice.testng.CreateContact@3e27aa33]" started-at="2025-03-10T12:15:22 IST" name="configbeforemethod" finished-at="2025-03-10T12:15:30 IST" duration-ms="7345" status="PASS">
          <reporter-output>
          </reporter-output>
        </test-method> <!-- configbeforemethod -->
        <test-method signature="createcontwithname()[pri:0, instance:practice.testng.CreateContact@3e27aa33]" started-at="2025-03-10T12:15:30 IST" name="createcontwithname" finished-at="2025-03-10T12:15:30 IST" duration-ms="13" status="FAIL">
          <exception class="java.lang.NullPointerException">
            <message>
              <![CDATA[Cannot invoke "com.aventstack.extentreports.ExtentTest.log(com.aventstack.extentreports.Status, String)" because the return value of "com.comcast.crm.generic.webdriverutlity.UtilityClassObject.getTest()" is null]]>
            </message>
            <full-stacktrace>
              <![CDATA[java.lang.NullPointerException: Cannot invoke "com.aventstack.extentreports.ExtentTest.log(com.aventstack.extentreports.Status, String)" because the return value of "com.comcast.crm.generic.webdriverutlity.UtilityClassObject.getTest()" is null
at practice.testng.CreateContact.createcontwithname(CreateContact.java:39)
at java.base/jdk.internal.reflect.NativeMethodAccessorImpl.invoke0(Native Method)
at java.base/jdk.internal.reflect.NativeMethodAccessorImpl.invoke(NativeMethodAccessorImpl.java:77)
at java.base/jdk.internal.reflect.DelegatingMethodAccessorImpl.invoke(DelegatingMethodAccessorImpl.java:43)
at java.base/java.lang.reflect.Method.invoke(Method.java:568)
at org.testng.internal.MethodInvocationHelper.invokeMethod(MethodInvocationHelper.java:133)
at org.testng.internal.TestInvoker.invokeMethod(TestInvoker.java:598)
at org.testng.internal.TestInvoker.invokeTestMethod(TestInvoker.java:173)
at org.testng.internal.MethodRunner.runInSequence(MethodRunner.java:46)
at org.testng.internal.TestInvoker$MethodInvocationAgent.invoke(TestInvoker.java:824)
at org.testng.internal.TestInvoker.invokeTestMethods(TestInvoker.java:146)
at org.testng.internal.TestMethodWorker.invokeTestMethods(TestMethodWorker.java:146)
at org.testng.internal.TestMethodWorker.run(TestMethodWorker.java:128)
at java.base/java.util.ArrayList.forEach(ArrayList.java:1511)
at org.testng.TestRunner.privateRun(TestRunner.java:794)
at org.testng.TestRunner.run(TestRunner.java:596)
at org.testng.SuiteRunner.runTest(SuiteRunner.java:377)
at org.testng.SuiteRunner.runSequentially(SuiteRunner.java:371)
at org.testng.SuiteRunner.privateRun(SuiteRunner.java:332)
at org.testng.SuiteRunner.run(SuiteRunner.java:276)
at org.testng.SuiteRunnerWorker.runSuite(SuiteRunnerWorker.java:53)
at org.testng.SuiteRunnerWorker.run(SuiteRunnerWorker.java:96)
at org.testng.TestNG.runSuitesSequentially(TestNG.java:1212)
at org.testng.TestNG.runSuitesLocally(TestNG.java:1134)
at org.testng.TestNG.runSuites(TestNG.java:1063)
at org.testng.TestNG.run(TestNG.java:1031)
at org.testng.remote.AbstractRemoteTestNG.run(AbstractRemoteTestNG.java:115)
at org.testng.remote.RemoteTestNG.initAndRun(RemoteTestNG.java:293)
at org.testng.remote.RemoteTestNG.main(RemoteTestNG.java:91)
]]>
            </full-stacktrace>
          </exception> <!-- java.lang.NullPointerException -->
          <reporter-output>
          </reporter-output>
        </test-method> <!-- createcontwithname -->
        <test-method is-config="true" signature="configaftermethod()[pri:0, instance:practice.testng.CreateContact@3e27aa33]" started-at="2025-03-10T12:15:30 IST" name="configaftermethod" finished-at="2025-03-10T12:15:49 IST" duration-ms="19827" status="PASS">
          <reporter-output>
          </reporter-output>
        </test-method> <!-- configaftermethod -->
        <test-method is-config="true" signature="configbeforemethod()[pri:0, instance:practice.testng.CreateContact@3e27aa33]" started-at="2025-03-10T12:15:49 IST" name="configbeforemethod" finished-at="2025-03-10T12:15:52 IST" duration-ms="2636" status="PASS">
          <reporter-output>
          </reporter-output>
        </test-method> <!-- configbeforemethod -->
        <test-method signature="createcontwithorgname()[pri:0, instance:practice.testng.CreateContact@3e27aa33]" started-at="2025-03-10T12:15:52 IST" name="createcontwithorgname" finished-at="2025-03-10T12:15:52 IST" duration-ms="10" status="FAIL">
          <exception class="java.lang.NullPointerException">
            <message>
              <![CDATA[Cannot invoke "com.aventstack.extentreports.ExtentTest.log(com.aventstack.extentreports.Status, String)" because the return value of "com.comcast.crm.generic.webdriverutlity.UtilityClassObject.getTest()" is null]]>
            </message>
            <full-stacktrace>
              <![CDATA[java.lang.NullPointerException: Cannot invoke "com.aventstack.extentreports.ExtentTest.log(com.aventstack.extentreports.Status, String)" because the return value of "com.comcast.crm.generic.webdriverutlity.UtilityClassObject.getTest()" is null
at practice.testng.CreateContact.createcontwithorgname(CreateContact.java:128)
at java.base/jdk.internal.reflect.NativeMethodAccessorImpl.invoke0(Native Method)
at java.base/jdk.internal.reflect.NativeMethodAccessorImpl.invoke(NativeMethodAccessorImpl.java:77)
at java.base/jdk.internal.reflect.DelegatingMethodAccessorImpl.invoke(DelegatingMethodAccessorImpl.java:43)
at java.base/java.lang.reflect.Method.invoke(Method.java:568)
at org.testng.internal.MethodInvocationHelper.invokeMethod(MethodInvocationHelper.java:133)
at org.testng.internal.TestInvoker.invokeMethod(TestInvoker.java:598)
at org.testng.internal.TestInvoker.invokeTestMethod(TestInvoker.java:173)
at org.testng.internal.MethodRunner.runInSequence(MethodRunner.java:46)
at org.testng.internal.TestInvoker$MethodInvocationAgent.invoke(TestInvoker.java:824)
at org.testng.internal.TestInvoker.invokeTestMethods(TestInvoker.java:146)
at org.testng.internal.TestMethodWorker.invokeTestMethods(TestMethodWorker.java:146)
at org.testng.internal.TestMethodWorker.run(TestMethodWorker.java:128)
at java.base/java.util.ArrayList.forEach(ArrayList.java:1511)
at org.testng.TestRunner.privateRun(TestRunner.java:794)
at org.testng.TestRunner.run(TestRunner.java:596)
at org.testng.SuiteRunner.runTest(SuiteRunner.java:377)
at org.testng.SuiteRunner.runSequentially(SuiteRunner.java:371)
at org.testng.SuiteRunner.privateRun(SuiteRunner.java:332)
at org.testng.SuiteRunner.run(SuiteRunner.java:276)
at org.testng.SuiteRunnerWorker.runSuite(SuiteRunnerWorker.java:53)
at org.testng.SuiteRunnerWorker.run(SuiteRunnerWorker.java:96)
at org.testng.TestNG.runSuitesSequentially(TestNG.java:1212)
at org.testng.TestNG.runSuitesLocally(TestNG.java:1134)
at org.testng.TestNG.runSuites(TestNG.java:1063)
at org.testng.TestNG.run(TestNG.java:1031)
at org.testng.remote.AbstractRemoteTestNG.run(AbstractRemoteTestNG.java:115)
at org.testng.remote.RemoteTestNG.initAndRun(RemoteTestNG.java:293)
at org.testng.remote.RemoteTestNG.main(RemoteTestNG.java:91)
]]>
            </full-stacktrace>
          </exception> <!-- java.lang.NullPointerException -->
          <reporter-output>
          </reporter-output>
        </test-method> <!-- createcontwithorgname -->
        <test-method is-config="true" signature="configaftermethod()[pri:0, instance:practice.testng.CreateContact@3e27aa33]" started-at="2025-03-10T12:15:52 IST" name="configaftermethod" finished-at="2025-03-10T12:15:56 IST" duration-ms="3696" status="PASS">
          <reporter-output>
          </reporter-output>
        </test-method> <!-- configaftermethod -->
        <test-method is-config="true" signature="configbeforemethod()[pri:0, instance:practice.testng.CreateContact@3e27aa33]" started-at="2025-03-10T12:15:56 IST" name="configbeforemethod" finished-at="2025-03-10T12:15:58 IST" duration-ms="2737" status="PASS">
          <reporter-output>
          </reporter-output>
        </test-method> <!-- configbeforemethod -->
        <test-method signature="createcontwithsuppdate()[pri:0, instance:practice.testng.CreateContact@3e27aa33]" started-at="2025-03-10T12:15:58 IST" name="createcontwithsuppdate" finished-at="2025-03-10T12:15:58 IST" duration-ms="2" status="FAIL">
          <exception class="java.lang.NullPointerException">
            <message>
              <![CDATA[Cannot invoke "com.aventstack.extentreports.ExtentTest.log(com.aventstack.extentreports.Status, String)" because the return value of "com.comcast.crm.generic.webdriverutlity.UtilityClassObject.getTest()" is null]]>
            </message>
            <full-stacktrace>
              <![CDATA[java.lang.NullPointerException: Cannot invoke "com.aventstack.extentreports.ExtentTest.log(com.aventstack.extentreports.Status, String)" because the return value of "com.comcast.crm.generic.webdriverutlity.UtilityClassObject.getTest()" is null
at practice.testng.CreateContact.createcontwithsuppdate(CreateContact.java:74)
at java.base/jdk.internal.reflect.NativeMethodAccessorImpl.invoke0(Native Method)
at java.base/jdk.internal.reflect.NativeMethodAccessorImpl.invoke(NativeMethodAccessorImpl.java:77)
at java.base/jdk.internal.reflect.DelegatingMethodAccessorImpl.invoke(DelegatingMethodAccessorImpl.java:43)
at java.base/java.lang.reflect.Method.invoke(Method.java:568)
at org.testng.internal.MethodInvocationHelper.invokeMethod(MethodInvocationHelper.java:133)
at org.testng.internal.TestInvoker.invokeMethod(TestInvoker.java:598)
at org.testng.internal.TestInvoker.invokeTestMethod(TestInvoker.java:173)
at org.testng.internal.MethodRunner.runInSequence(MethodRunner.java:46)
at org.testng.internal.TestInvoker$MethodInvocationAgent.invoke(TestInvoker.java:824)
at org.testng.internal.TestInvoker.invokeTestMethods(TestInvoker.java:146)
at org.testng.internal.TestMethodWorker.invokeTestMethods(TestMethodWorker.java:146)
at org.testng.internal.TestMethodWorker.run(TestMethodWorker.java:128)
at java.base/java.util.ArrayList.forEach(ArrayList.java:1511)
at org.testng.TestRunner.privateRun(TestRunner.java:794)
at org.testng.TestRunner.run(TestRunner.java:596)
at org.testng.SuiteRunner.runTest(SuiteRunner.java:377)
at org.testng.SuiteRunner.runSequentially(SuiteRunner.java:371)
at org.testng.SuiteRunner.privateRun(SuiteRunner.java:332)
at org.testng.SuiteRunner.run(SuiteRunner.java:276)
at org.testng.SuiteRunnerWorker.runSuite(SuiteRunnerWorker.java:53)
at org.testng.SuiteRunnerWorker.run(SuiteRunnerWorker.java:96)
at org.testng.TestNG.runSuitesSequentially(TestNG.java:1212)
at org.testng.TestNG.runSuitesLocally(TestNG.java:1134)
at org.testng.TestNG.runSuites(TestNG.java:1063)
at org.testng.TestNG.run(TestNG.java:1031)
at org.testng.remote.AbstractRemoteTestNG.run(AbstractRemoteTestNG.java:115)
at org.testng.remote.RemoteTestNG.initAndRun(RemoteTestNG.java:293)
at org.testng.remote.RemoteTestNG.main(RemoteTestNG.java:91)
]]>
            </full-stacktrace>
          </exception> <!-- java.lang.NullPointerException -->
          <reporter-output>
          </reporter-output>
        </test-method> <!-- createcontwithsuppdate -->
        <test-method is-config="true" signature="configaftermethod()[pri:0, instance:practice.testng.CreateContact@3e27aa33]" started-at="2025-03-10T12:15:58 IST" name="configaftermethod" finished-at="2025-03-10T12:16:02 IST" duration-ms="3638" status="PASS">
          <reporter-output>
          </reporter-output>
        </test-method> <!-- configaftermethod -->
        <test-method is-config="true" signature="configafterclass()[pri:0, instance:practice.testng.CreateContact@3e27aa33]" started-at="2025-03-10T12:16:02 IST" name="configafterclass" finished-at="2025-03-10T12:16:02 IST" duration-ms="372" status="PASS">
          <reporter-output>
          </reporter-output>
        </test-method> <!-- configafterclass -->
        <test-method is-config="true" signature="configAftersuit()[pri:0, instance:practice.testng.CreateContact@3e27aa33]" started-at="2025-03-10T12:16:03 IST" name="configAftersuit" finished-at="2025-03-10T12:16:03 IST" duration-ms="19" status="PASS">
          <reporter-output>
          </reporter-output>
        </test-method> <!-- configAftersuit -->
      </class> <!-- practice.testng.CreateContact -->
    </test> <!-- Default test -->
  </suite> <!-- Default suite -->
</testng-results>
