<?xml version="1.0" encoding="UTF-8"?>
<testng-results ignored="2" total="8" passed="6" failed="0" skipped="0">
  <reporter-output>
  </reporter-output>
  <suite started-at="2025-03-03T18:09:08 IST" name="Suite" finished-at="2025-03-03T18:11:09 IST" duration-ms="120631">
    <groups>
      <group name="regressiontest">
        <method signature="CreateContact.createcontwithorgname()[pri:0, instance:practice.testng.CreateContact@46cdf8bd]" name="createcontwithorgname" class="practice.testng.CreateContact"/>
        <method signature="CreateContact.createcontwithsuppdate()[pri:0, instance:practice.testng.CreateContact@46cdf8bd]" name="createcontwithsuppdate" class="practice.testng.CreateContact"/>
        <method signature="CreateOrgnization.createOrgnwithindustry()[pri:0, instance:practice.testng.CreateOrgnization@6d4d66d2]" name="createOrgnwithindustry" class="practice.testng.CreateOrgnization"/>
        <method signature="CreateOrgnization.createorgwithphonenum()[pri:0, instance:practice.testng.CreateOrgnization@6d4d66d2]" name="createorgwithphonenum" class="practice.testng.CreateOrgnization"/>
      </group> <!-- regressiontest -->
      <group name="smoketest">
        <method signature="CreateContact.createcontwithname()[pri:0, instance:practice.testng.CreateContact@46cdf8bd]" name="createcontwithname" class="practice.testng.CreateContact"/>
        <method signature="CreateOrgnization.createContactTest()[pri:0, instance:practice.testng.CreateOrgnization@6d4d66d2]" name="createContactTest" class="practice.testng.CreateOrgnization"/>
      </group> <!-- smoketest -->
    </groups>
    <test started-at="2025-03-03T18:09:08 IST" name="Test" finished-at="2025-03-03T18:11:09 IST" duration-ms="120631">
      <class name="practice.testng.CreateOrgnization">
        <test-method is-config="true" signature="configbeforeclass()[pri:0, instance:practice.testng.CreateOrgnization@6d4d66d2]" started-at="2025-03-03T18:10:23 IST" name="configbeforeclass" finished-at="2025-03-03T18:10:25 IST" duration-ms="1491" status="PASS">
          <reporter-output>
          </reporter-output>
        </test-method> <!-- configbeforeclass -->
        <test-method is-config="true" signature="configbeforemethod()[pri:0, instance:practice.testng.CreateOrgnization@6d4d66d2]" started-at="2025-03-03T18:10:25 IST" name="configbeforemethod" finished-at="2025-03-03T18:10:29 IST" duration-ms="4240" status="PASS">
          <reporter-output>
          </reporter-output>
        </test-method> <!-- configbeforemethod -->
        <test-method signature="createContactTest()[pri:0, instance:practice.testng.CreateOrgnization@6d4d66d2]" started-at="2025-03-03T18:10:29 IST" name="createContactTest" finished-at="2025-03-03T18:10:39 IST" duration-ms="9638" status="PASS">
          <reporter-output>
          </reporter-output>
        </test-method> <!-- createContactTest -->
        <test-method is-config="true" signature="configaftermethod()[pri:0, instance:practice.testng.CreateOrgnization@6d4d66d2]" started-at="2025-03-03T18:10:39 IST" name="configaftermethod" finished-at="2025-03-03T18:10:40 IST" duration-ms="1287" status="PASS">
          <reporter-output>
          </reporter-output>
        </test-method> <!-- configaftermethod -->
        <test-method is-config="true" signature="configbeforemethod()[pri:0, instance:practice.testng.CreateOrgnization@6d4d66d2]" started-at="2025-03-03T18:10:40 IST" name="configbeforemethod" finished-at="2025-03-03T18:10:43 IST" duration-ms="2903" status="PASS">
          <reporter-output>
          </reporter-output>
        </test-method> <!-- configbeforemethod -->
        <test-method signature="createOrgnwithindustry()[pri:0, instance:practice.testng.CreateOrgnization@6d4d66d2]" started-at="2025-03-03T18:10:43 IST" name="createOrgnwithindustry" finished-at="2025-03-03T18:10:53 IST" duration-ms="10526" status="PASS">
          <reporter-output>
          </reporter-output>
        </test-method> <!-- createOrgnwithindustry -->
        <test-method is-config="true" signature="configaftermethod()[pri:0, instance:practice.testng.CreateOrgnization@6d4d66d2]" started-at="2025-03-03T18:10:53 IST" name="configaftermethod" finished-at="2025-03-03T18:10:55 IST" duration-ms="1479" status="PASS">
          <reporter-output>
          </reporter-output>
        </test-method> <!-- configaftermethod -->
        <test-method is-config="true" signature="configbeforemethod()[pri:0, instance:practice.testng.CreateOrgnization@6d4d66d2]" started-at="2025-03-03T18:10:55 IST" name="configbeforemethod" finished-at="2025-03-03T18:10:57 IST" duration-ms="2692" status="PASS">
          <reporter-output>
          </reporter-output>
        </test-method> <!-- configbeforemethod -->
        <test-method signature="createorgwithphonenum()[pri:0, instance:practice.testng.CreateOrgnization@6d4d66d2]" started-at="2025-03-03T18:10:57 IST" name="createorgwithphonenum" finished-at="2025-03-03T18:11:07 IST" duration-ms="9927" status="PASS">
          <reporter-output>
          </reporter-output>
        </test-method> <!-- createorgwithphonenum -->
        <test-method is-config="true" signature="configaftermethod()[pri:0, instance:practice.testng.CreateOrgnization@6d4d66d2]" started-at="2025-03-03T18:11:07 IST" name="configaftermethod" finished-at="2025-03-03T18:11:09 IST" duration-ms="1252" status="PASS">
          <reporter-output>
          </reporter-output>
        </test-method> <!-- configaftermethod -->
        <test-method is-config="true" signature="configafterclass()[pri:0, instance:practice.testng.CreateOrgnization@6d4d66d2]" started-at="2025-03-03T18:11:09 IST" name="configafterclass" finished-at="2025-03-03T18:11:09 IST" duration-ms="314" status="PASS">
          <reporter-output>
          </reporter-output>
        </test-method> <!-- configafterclass -->
      </class> <!-- practice.testng.CreateOrgnization -->
      <class name="practice.testng.CreateContact">
        <test-method is-config="true" signature="configBeforeSuit()[pri:0, instance:practice.testng.CreateContact@46cdf8bd]" started-at="2025-03-03T18:09:08 IST" name="configBeforeSuit" finished-at="2025-03-03T18:09:08 IST" duration-ms="485" status="PASS">
          <reporter-output>
          </reporter-output>
        </test-method> <!-- configBeforeSuit -->
        <test-method is-config="true" signature="configbeforeclass()[pri:0, instance:practice.testng.CreateContact@46cdf8bd]" started-at="2025-03-03T18:09:08 IST" name="configbeforeclass" finished-at="2025-03-03T18:09:12 IST" duration-ms="3598" status="PASS">
          <reporter-output>
          </reporter-output>
        </test-method> <!-- configbeforeclass -->
        <test-method is-config="true" signature="configbeforemethod()[pri:0, instance:practice.testng.CreateContact@46cdf8bd]" started-at="2025-03-03T18:09:12 IST" name="configbeforemethod" finished-at="2025-03-03T18:09:16 IST" duration-ms="3564" status="PASS">
          <reporter-output>
          </reporter-output>
        </test-method> <!-- configbeforemethod -->
        <test-method signature="createcontwithname()[pri:0, instance:practice.testng.CreateContact@46cdf8bd]" started-at="2025-03-03T18:09:16 IST" name="createcontwithname" finished-at="2025-03-03T18:09:28 IST" duration-ms="12814" status="PASS">
          <reporter-output>
          </reporter-output>
        </test-method> <!-- createcontwithname -->
        <test-method is-config="true" signature="configaftermethod()[pri:0, instance:practice.testng.CreateContact@46cdf8bd]" started-at="2025-03-03T18:09:28 IST" name="configaftermethod" finished-at="2025-03-03T18:09:30 IST" duration-ms="1607" status="PASS">
          <reporter-output>
          </reporter-output>
        </test-method> <!-- configaftermethod -->
        <test-method is-config="true" signature="configbeforemethod()[pri:0, instance:practice.testng.CreateContact@46cdf8bd]" started-at="2025-03-03T18:09:30 IST" name="configbeforemethod" finished-at="2025-03-03T18:09:33 IST" duration-ms="3511" status="PASS">
          <reporter-output>
          </reporter-output>
        </test-method> <!-- configbeforemethod -->
        <test-method signature="createcontwithorgname()[pri:0, instance:practice.testng.CreateContact@46cdf8bd]" started-at="2025-03-03T18:09:33 IST" name="createcontwithorgname" finished-at="2025-03-03T18:10:04 IST" duration-ms="30568" status="PASS">
          <reporter-output>
          </reporter-output>
        </test-method> <!-- createcontwithorgname -->
        <test-method is-config="true" signature="configaftermethod()[pri:0, instance:practice.testng.CreateContact@46cdf8bd]" started-at="2025-03-03T18:10:04 IST" name="configaftermethod" finished-at="2025-03-03T18:10:05 IST" duration-ms="1249" status="PASS">
          <reporter-output>
          </reporter-output>
        </test-method> <!-- configaftermethod -->
        <test-method is-config="true" signature="configbeforemethod()[pri:0, instance:practice.testng.CreateContact@46cdf8bd]" started-at="2025-03-03T18:10:05 IST" name="configbeforemethod" finished-at="2025-03-03T18:10:08 IST" duration-ms="2522" status="PASS">
          <reporter-output>
          </reporter-output>
        </test-method> <!-- configbeforemethod -->
        <test-method signature="createcontwithsuppdate()[pri:0, instance:practice.testng.CreateContact@46cdf8bd]" started-at="2025-03-03T18:10:08 IST" name="createcontwithsuppdate" finished-at="2025-03-03T18:10:21 IST" duration-ms="13601" status="PASS">
          <reporter-output>
          </reporter-output>
        </test-method> <!-- createcontwithsuppdate -->
        <test-method is-config="true" signature="configaftermethod()[pri:0, instance:practice.testng.CreateContact@46cdf8bd]" started-at="2025-03-03T18:10:21 IST" name="configaftermethod" finished-at="2025-03-03T18:10:23 IST" duration-ms="1263" status="PASS">
          <reporter-output>
          </reporter-output>
        </test-method> <!-- configaftermethod -->
        <test-method is-config="true" signature="configafterclass()[pri:0, instance:practice.testng.CreateContact@46cdf8bd]" started-at="2025-03-03T18:10:23 IST" name="configafterclass" finished-at="2025-03-03T18:10:23 IST" duration-ms="522" status="PASS">
          <reporter-output>
          </reporter-output>
        </test-method> <!-- configafterclass -->
        <test-method is-config="true" signature="configAftersuit()[pri:0, instance:practice.testng.CreateContact@46cdf8bd]" started-at="2025-03-03T18:11:09 IST" name="configAftersuit" finished-at="2025-03-03T18:11:09 IST" duration-ms="9" status="PASS">
          <reporter-output>
          </reporter-output>
        </test-method> <!-- configAftersuit -->
      </class> <!-- practice.testng.CreateContact -->
    </test> <!-- Test -->
  </suite> <!-- Suite -->
</testng-results>
